Exception Code: 0x80000003
Exception Addr: 0x0033:0x00007FFAF02D023D
Exception Module: <Unknown>
Exception Name  : EXCEPTION_BREAKPOINT
Exception Description: 
Exception Code: 0x80000003
Exception Addr: 0x0033:0x00007FFAF02D023D
Exception Module: <Unknown>
Exception Description: EXCEPTION_BREAKPOINT, 
Memory in use: 1714.6MB
Debug Status: 
Out of Memory: 0
MainThread Id: 42632
RenderThread Id: 45224
[Crashed] Thread Id: 42632
[Crashed] ThreadName: Main

[Crashed] Call Stack: ["Main" [42632]]

=============================================================================
45) function=CrySystem.dll+0x19023d
44) function=CrySystem.dll+0x1b8677
43) function=CrySystem.dll+0x1be60f
42) function=CryRenderD3D11.dll+0x3c399c
41) function=CryRenderD3D11.dll+0x36e4a9
40) function=CryRenderD3D11.dll+0x50de01
39) function=CryRenderD3D11.dll+0x50e090
38) function=CryRenderD3D11.dll+0x51d749
37) function=Game.dll+0xb4e23
36) function=Game.dll+0xaaa99
35) function=Game.dll+0xaabbf
34) function=Game.dll+0xab579
33) function=Game.dll+0xb2f29
32) function=CryEntitySystem.dll+0x1e8b52
31) function=CryEntitySystem.dll+0x311925
30) function=CryEntitySystem.dll+0x30fcc3
29) function=CrySystem.dll+0x3cf973
28) function=Sandbox.exe+0x2b2e72
27) function=Sandbox.exe+0x28022d
26) function=Sandbox.exe+0xdd20f4
25) function=Qt5Core.dll+0x1f6f99
24) function=Qt5Core.dll+0x1efd08
23) function=Qt5Widgets.dll+0x18150
22) function=Qt5Widgets.dll+0x1714a
21) function=Qt5Core.dll+0x1c9319
20) function=Qt5Core.dll+0x212a2a
19) function=Qt5Widgets.dll+0x18150
18) function=Qt5Widgets.dll+0x1714a
17) function=Qt5Core.dll+0x1c9319
16) function=Qt5Core.dll+0x1cb291
15) function=qwindows.dll+0x6143f
14) function=Qt5Core.dll+0x213b53
13) function=USER32.dll+0xe858
12) function=USER32.dll+0xe299
11) function=Qt5Core.dll+0x21333e
10) function=qwindows.dll+0x61419
 9) function=Qt5Core.dll+0x1c50ab
 8) function=Qt5Core.dll+0x1c8201
 7) function=MFCToolsPlugin.dll+0x1fcd44
 6) function=Sandbox.exe+0x2e3230
 5) function=Sandbox.exe+0x1023eb7
 4) function=Sandbox.exe+0xfe67fe
 3) function=KERNEL32.DLL+0x17614
 2) function=ntdll.dll+0x526a1
 1) function=ntdll.dll+0x526a1
=============================================================================


Call Stack: ["JobSystem_Worker_0 (Blocking)" [14996]]
 8) function=ntdll.dll+0x9d0e4
  7) function=KERNELBASE.dll+0x230ce
  6) function=CrySystem.dll+0x58bc8a
  5) function=CrySystem.dll+0x2115ae
  4) function=ucrtbase.dll+0x21bb2
  3) function=KERNEL32.DLL+0x17614
  2) function=ntdll.dll+0x526a1
  1) function=ntdll.dll+0x526a1
 


Call Stack: ["Streaming AsyncCallback" [45244]]
 8) function=ntdll.dll+0x9d0e4
  7) function=KERNELBASE.dll+0x230ce
  6) function=CrySystem.dll+0x1b00dd
  5) function=CrySystem.dll+0x2115ae
  4) function=ucrtbase.dll+0x21bb2
  3) function=KERNEL32.DLL+0x17614
  2) function=ntdll.dll+0x526a1
  1) function=ntdll.dll+0x526a1
 


Call Stack: ["NotificationNetwork" [27320]]
10) function=ntdll.dll+0x9d0e4
  9) function=mswsock.dll+0x80fc
  8) function=mswsock.dll+0xf4de
  7) function=WS2_32.dll+0x116f7
  6) function=CrySystem.dll+0x3aa0dc
  5) function=CrySystem.dll+0x3c9b8a
  4) function=CrySystem.dll+0x2115ae
  3) function=ucrtbase.dll+0x21bb2
  2) function=KERNEL32.DLL+0x17614
  1) function=ntdll.dll+0x526a1
 


Call Stack: ["JobSystem_Worker_0" [48752]]
 9) function=ntdll.dll+0xa0a74
  8) function=ntdll.dll+0x64131
  7) function=KERNELBASE.dll+0x73499
  6) function=CrySystem.dll+0x58c90f
  5) function=CrySystem.dll+0x2115ae
  4) function=ucrtbase.dll+0x21bb2
  3) function=KERNEL32.DLL+0x17614
  2) function=ntdll.dll+0x526a1
  1) function=ntdll.dll+0x526a1
 


Call Stack: ["JobSystem_Worker_1" [13512]]
 9) function=ntdll.dll+0xa0a74
  8) function=ntdll.dll+0x64131
  7) function=KERNELBASE.dll+0x73499
  6) function=CrySystem.dll+0x58c90f
  5) function=CrySystem.dll+0x2115ae
  4) function=ucrtbase.dll+0x21bb2
  3) function=KERNEL32.DLL+0x17614
  2) function=ntdll.dll+0x526a1
  1) function=ntdll.dll+0x526a1
 


Call Stack: ["JobSystem_Helper_2" [37952]]
 9) function=ntdll.dll+0xa0a74
  8) function=ntdll.dll+0x64131
  7) function=KERNELBASE.dll+0x73499
  6) function=CrySystem.dll+0x58c02a
  5) function=CrySystem.dll+0x2115ae
  4) function=ucrtbase.dll+0x21bb2
  3) function=KERNEL32.DLL+0x17614
  2) function=ntdll.dll+0x526a1
  1) function=ntdll.dll+0x526a1
 


Call Stack: ["JobSystem_Helper_3" [42468]]
 9) function=ntdll.dll+0xa0a74
  8) function=ntdll.dll+0x64131
  7) function=KERNELBASE.dll+0x73499
  6) function=CrySystem.dll+0x58c02a
  5) function=CrySystem.dll+0x2115ae
  4) function=ucrtbase.dll+0x21bb2
  3) function=KERNEL32.DLL+0x17614
  2) function=ntdll.dll+0x526a1
  1) function=ntdll.dll+0x526a1
 


Call Stack: ["Streaming File IO HDD" [48620]]
 9) function=ntdll.dll+0x9d0e4
  8) function=KERNELBASE.dll+0x230ce
  7) function=CrySystem.dll+0x2d71dd
  6) function=CrySystem.dll+0x1ae4b8
  5) function=CrySystem.dll+0x2115ae
  4) function=ucrtbase.dll+0x21bb2
  3) function=KERNEL32.DLL+0x17614
  2) function=ntdll.dll+0x526a1
  1) function=ntdll.dll+0x526a1
 


Call Stack: ["Streaming File IO InMemory" [35676]]
 9) function=ntdll.dll+0x9d0e4
  8) function=KERNELBASE.dll+0x230ce
  7) function=CrySystem.dll+0x2d71dd
  6) function=CrySystem.dll+0x1ae4b8
  5) function=CrySystem.dll+0x2115ae
  4) function=ucrtbase.dll+0x21bb2
  3) function=KERNEL32.DLL+0x17614
  2) function=ntdll.dll+0x526a1
  1) function=ntdll.dll+0x526a1
 


Call Stack: ["RenderThread" [45224]]
10) function=ntdll.dll+0xa0a74
  9) function=ntdll.dll+0x64131
  8) function=KERNELBASE.dll+0x73499
  7) function=MSVCP140.dll+0x12939
  6) function=MSVCP140.dll+0x12b7a
  5) function=CryRenderD3D11.dll+0x539367
  4) function=CryRenderD3D11.dll+0x50aa7f
  3) function=CrySystem.dll+0x2115ae
  2) function=ucrtbase.dll+0x21bb2
  1) function=KERNEL32.DLL+0x17614
 


Call Stack: ["ShaderCompile" [45320]]
 8) function=ntdll.dll+0x9d6e4
  7) function=KERNELBASE.dll+0x4b44e
  6) function=CryRenderD3D11.dll+0x28c9ed
  5) function=CrySystem.dll+0x2115ae
  4) function=ucrtbase.dll+0x21bb2
  3) function=KERNEL32.DLL+0x17614
  2) function=ntdll.dll+0x526a1
  1) function=ntdll.dll+0x526a1
 


Call Stack: ["GFxMeshCacheReset" [42232]]
 8) function=ntdll.dll+0x9d0e4
  7) function=KERNELBASE.dll+0x230ce
  6) function=CrySystem.dll+0x17601c
  5) function=CrySystem.dll+0x2115ae
  4) function=ucrtbase.dll+0x21bb2
  3) function=KERNEL32.DLL+0x17614
  2) function=ntdll.dll+0x526a1
  1) function=ntdll.dll+0x526a1
 


Call Stack: ["NetAddressSolver" [47736]]
10) function=ntdll.dll+0xa0a74
  9) function=ntdll.dll+0x64131
  8) function=KERNELBASE.dll+0x73499
  7) function=CryNetwork.dll+0x25e339
  6) function=CryNetwork.dll+0x144684
  5) function=CrySystem.dll+0x2115ae
  4) function=ucrtbase.dll+0x21bb2
  3) function=KERNEL32.DLL+0x17614
  2) function=ntdll.dll+0x526a1
  1) function=ntdll.dll+0x526a1
 


Call Stack: ["ServiceNetwork" [44884]]
 8) function=ntdll.dll+0x9d6e4
  7) function=KERNELBASE.dll+0x4b44e
  6) function=CrySystem.dll+0x5ed025
  5) function=CrySystem.dll+0x2115ae
  4) function=ucrtbase.dll+0x21bb2
  3) function=KERNEL32.DLL+0x17614
  2) function=ntdll.dll+0x526a1
  1) function=ntdll.dll+0x526a1
 


Call Stack: ["ZLibCompressor" [36784]]
 8) function=ntdll.dll+0x9d0e4
  7) function=KERNELBASE.dll+0x230ce
  6) function=CryAction.dll+0x7fe563
  5) function=CrySystem.dll+0x2115ae
  4) function=ucrtbase.dll+0x21bb2
  3) function=KERNEL32.DLL+0x17614
  2) function=ntdll.dll+0x526a1
  1) function=ntdll.dll+0x526a1
 


Call Stack: ["Physics" [47544]]
 8) function=ntdll.dll+0x9d0e4
  7) function=KERNELBASE.dll+0x230ce
  6) function=CrySystem.dll+0x3c96e2
  5) function=CrySystem.dll+0x2115ae
  4) function=ucrtbase.dll+0x21bb2
  3) function=KERNEL32.DLL+0x17614
  2) function=ntdll.dll+0x526a1
  1) function=ntdll.dll+0x526a1
 


Call Stack: ["InputWorker" [45044]]
 8) function=ntdll.dll+0x9d6e4
  7) function=KERNELBASE.dll+0x4b44e
  6) function=CryInput.dll+0x66d2e
  5) function=CrySystem.dll+0x2115ae
  4) function=ucrtbase.dll+0x21bb2
  3) function=KERNEL32.DLL+0x17614
  2) function=ntdll.dll+0x526a1
  1) function=ntdll.dll+0x526a1
 


Call Stack: ["PhysicsWorkerThread_0" [25176]]
 8) function=ntdll.dll+0x9d0e4
  7) function=KERNELBASE.dll+0x230ce
  6) function=CryPhysics.dll+0x2225d8
  5) function=CrySystem.dll+0x2115ae
  4) function=ucrtbase.dll+0x21bb2
  3) function=KERNEL32.DLL+0x17614
  2) function=ntdll.dll+0x526a1
  1) function=ntdll.dll+0x526a1
 


Call Stack: ["FileChangeMonitor" [5896]]
 9) function=ntdll.dll+0x9dbb4
  8) function=KERNELBASE.dll+0x51b40
  7) function=KERNELBASE.dll+0x51a3e
  6) function=Sandbox.exe+0xee2dc8
  5) function=CrySystem.dll+0x2115ae
  4) function=ucrtbase.dll+0x21bb2
  3) function=KERNEL32.DLL+0x17614
  2) function=ntdll.dll+0x526a1
  1) function=ntdll.dll+0x526a1
 


Call Stack: ["BackgroundTask_2" [37100]]
 8) function=ntdll.dll+0x9d0e4
  7) function=KERNELBASE.dll+0x230ce
  6) function=Sandbox.exe+0xb6f89d
  5) function=CrySystem.dll+0x2115ae
  4) function=ucrtbase.dll+0x21bb2
  3) function=KERNEL32.DLL+0x17614
  2) function=ntdll.dll+0x526a1
  1) function=ntdll.dll+0x526a1
 


Call Stack: ["BackgroundTask_3" [32892]]
 8) function=ntdll.dll+0x9d0e4
  7) function=KERNELBASE.dll+0x230ce
  6) function=Sandbox.exe+0xb6f89d
  5) function=CrySystem.dll+0x2115ae
  4) function=ucrtbase.dll+0x21bb2
  3) function=KERNEL32.DLL+0x17614
  2) function=ntdll.dll+0x526a1
  1) function=ntdll.dll+0x526a1
 


Call Stack: ["BackgroundTask_1" [47216]]
 8) function=ntdll.dll+0x9d0e4
  7) function=KERNELBASE.dll+0x230ce
  6) function=Sandbox.exe+0xb6f89d
  5) function=CrySystem.dll+0x2115ae
  4) function=ucrtbase.dll+0x21bb2
  3) function=KERNEL32.DLL+0x17614
  2) function=ntdll.dll+0x526a1
  1) function=ntdll.dll+0x526a1
 


Call Stack: ["BackgroundTask_0" [40864]]
 8) function=ntdll.dll+0x9d0e4
  7) function=KERNELBASE.dll+0x230ce
  6) function=Sandbox.exe+0xb6f89d
  5) function=CrySystem.dll+0x2115ae
  4) function=ucrtbase.dll+0x21bb2
  3) function=KERNEL32.DLL+0x17614
  2) function=ntdll.dll+0x526a1
  1) function=ntdll.dll+0x526a1
 


Call Stack: ["BackgroundTask_IO" [46612]]
 8) function=ntdll.dll+0x9d0e4
  7) function=KERNELBASE.dll+0x230ce
  6) function=Sandbox.exe+0xb6f89d
  5) function=CrySystem.dll+0x2115ae
  4) function=ucrtbase.dll+0x21bb2
  3) function=KERNEL32.DLL+0x17614
  2) function=ntdll.dll+0x526a1
  1) function=ntdll.dll+0x526a1
 


Call Stack: ["CaptureCrashScreenShot" [35060]]
10) function=ntdll.dll+0xa0a74
  9) function=ntdll.dll+0x64131
  8) function=KERNELBASE.dll+0x73499
  7) function=MSVCP140.dll+0x12939
  6) function=MSVCP140.dll+0x12b7a
  5) function=CrySystem.dll+0x2ceff3
  4) function=CrySystem.dll+0x2115ae
  3) function=ucrtbase.dll+0x21bb2
  2) function=KERNEL32.DLL+0x17614
  1) function=ntdll.dll+0x526a1
 


Call Stack: ["AudioMainThread" [46608]]
 8) function=ntdll.dll+0x9d0e4
  7) function=KERNELBASE.dll+0x230ce
  6) function=CryAudioSystem.dll+0xcfed1
  5) function=CrySystem.dll+0x2115ae
  4) function=ucrtbase.dll+0x21bb2
  3) function=KERNEL32.DLL+0x17614
  2) function=ntdll.dll+0x526a1
  1) function=ntdll.dll+0x526a1
 
Attempting to create error screenshot "error.jpg"
Error creating screenshot.
Exception Code: 0x80000003
Exception Addr: 0x0033:0x00007FFAF02F98E2
Exception Module: <Unknown>
Exception Name  : EXCEPTION_BREAKPOINT
Exception Description: 
Exception Code: 0x80000003
Exception Addr: 0x0033:0x00007FFAF02F98E2
Exception Module: <Unknown>
Exception Description: EXCEPTION_BREAKPOINT, 
Memory in use: 1726.1MB
Debug Status: 
Out of Memory: 0
MainThread Id: 40316
RenderThread Id: 16276
[Crashed] Thread Id: 40316
[Crashed] ThreadName: Main

[Crashed] Call Stack: ["Main" [40316]]

=============================================================================
44) function=CrySystem.dll+0x1b98e2
43) function=CrySystem.dll+0x1be0e5
42) function=CryRenderD3D11.dll+0x3c3870
41) function=CryRenderD3D11.dll+0x36e644
40) function=CryRenderD3D11.dll+0x50de5c
39) function=CryRenderD3D11.dll+0x50e090
38) function=CryRenderD3D11.dll+0x51d749
37) function=Game.dll+0xb4e23
36) function=Game.dll+0xaaa99
35) function=Game.dll+0xaabbf
34) function=Game.dll+0xab3e0
33) function=Game.dll+0xb2f29
32) function=CryEntitySystem.dll+0x1e8b52
31) function=CryEntitySystem.dll+0x311925
30) function=CryEntitySystem.dll+0x30fcc3
29) function=CrySystem.dll+0x3cf973
28) function=Sandbox.exe+0x2b2e72
27) function=Sandbox.exe+0x28022d
26) function=Sandbox.exe+0xdd20f4
25) function=Qt5Core.dll+0x1f6f99
24) function=Qt5Core.dll+0x1efd08
23) function=Qt5Widgets.dll+0x18150
22) function=Qt5Widgets.dll+0x1714a
21) function=Qt5Core.dll+0x1c9319
20) function=Qt5Core.dll+0x212a2a
19) function=Qt5Widgets.dll+0x18150
18) function=Qt5Widgets.dll+0x1714a
17) function=Qt5Core.dll+0x1c9319
16) function=Qt5Core.dll+0x1cb291
15) function=qwindows.dll+0x6143f
14) function=Qt5Core.dll+0x213b53
13) function=USER32.dll+0xe858
12) function=USER32.dll+0xe299
11) function=Qt5Core.dll+0x21333e
10) function=qwindows.dll+0x61419
 9) function=Qt5Core.dll+0x1c50ab
 8) function=Qt5Core.dll+0x1c8201
 7) function=MFCToolsPlugin.dll+0x1fcd44
 6) function=Sandbox.exe+0x2e3230
 5) function=Sandbox.exe+0x1023eb7
 4) function=Sandbox.exe+0xfe67fe
 3) function=KERNEL32.DLL+0x17614
 2) function=ntdll.dll+0x526a1
 1) function=ntdll.dll+0x526a1
=============================================================================


Call Stack: ["JobSystem_Worker_0 (Blocking)" [38972]]
 8) function=ntdll.dll+0x9d0e4
  7) function=KERNELBASE.dll+0x230ce
  6) function=CrySystem.dll+0x58bc8a
  5) function=CrySystem.dll+0x2115ae
  4) function=ucrtbase.dll+0x21bb2
  3) function=KERNEL32.DLL+0x17614
  2) function=ntdll.dll+0x526a1
  1) function=ntdll.dll+0x526a1
 


Call Stack: ["Streaming AsyncCallback" [45696]]
 8) function=ntdll.dll+0x9d0e4
  7) function=KERNELBASE.dll+0x230ce
  6) function=CrySystem.dll+0x1b00dd
  5) function=CrySystem.dll+0x2115ae
  4) function=ucrtbase.dll+0x21bb2
  3) function=KERNEL32.DLL+0x17614
  2) function=ntdll.dll+0x526a1
  1) function=ntdll.dll+0x526a1
 


Call Stack: ["NotificationNetwork" [47384]]
10) function=ntdll.dll+0x9d0e4
  9) function=mswsock.dll+0x80fc
  8) function=mswsock.dll+0xf4de
  7) function=WS2_32.dll+0x116f7
  6) function=CrySystem.dll+0x3aa0dc
  5) function=CrySystem.dll+0x3c9b8a
  4) function=CrySystem.dll+0x2115ae
  3) function=ucrtbase.dll+0x21bb2
  2) function=KERNEL32.DLL+0x17614
  1) function=ntdll.dll+0x526a1
 


Call Stack: ["JobSystem_Worker_0" [29476]]
 9) function=ntdll.dll+0xa0a74
  8) function=ntdll.dll+0x64131
  7) function=KERNELBASE.dll+0x73499
  6) function=CrySystem.dll+0x58c90f
  5) function=CrySystem.dll+0x2115ae
  4) function=ucrtbase.dll+0x21bb2
  3) function=KERNEL32.DLL+0x17614
  2) function=ntdll.dll+0x526a1
  1) function=ntdll.dll+0x526a1
 


Call Stack: ["JobSystem_Worker_1" [45504]]
 9) function=ntdll.dll+0xa0a74
  8) function=ntdll.dll+0x64131
  7) function=KERNELBASE.dll+0x73499
  6) function=CrySystem.dll+0x58c90f
  5) function=CrySystem.dll+0x2115ae
  4) function=ucrtbase.dll+0x21bb2
  3) function=KERNEL32.DLL+0x17614
  2) function=ntdll.dll+0x526a1
  1) function=ntdll.dll+0x526a1
 


Call Stack: ["JobSystem_Helper_2" [48828]]
 9) function=ntdll.dll+0xa0a74
  8) function=ntdll.dll+0x64131
  7) function=KERNELBASE.dll+0x73499
  6) function=CrySystem.dll+0x58c02a
  5) function=CrySystem.dll+0x2115ae
  4) function=ucrtbase.dll+0x21bb2
  3) function=KERNEL32.DLL+0x17614
  2) function=ntdll.dll+0x526a1
  1) function=ntdll.dll+0x526a1
 


Call Stack: ["JobSystem_Helper_3" [44992]]
 9) function=ntdll.dll+0xa0a74
  8) function=ntdll.dll+0x64131
  7) function=KERNELBASE.dll+0x73499
  6) function=CrySystem.dll+0x58c02a
  5) function=CrySystem.dll+0x2115ae
  4) function=ucrtbase.dll+0x21bb2
  3) function=KERNEL32.DLL+0x17614
  2) function=ntdll.dll+0x526a1
  1) function=ntdll.dll+0x526a1
 


Call Stack: ["Streaming File IO HDD" [48732]]
 9) function=ntdll.dll+0x9d0e4
  8) function=KERNELBASE.dll+0x230ce
  7) function=CrySystem.dll+0x2d71dd
  6) function=CrySystem.dll+0x1ae4b8
  5) function=CrySystem.dll+0x2115ae
  4) function=ucrtbase.dll+0x21bb2
  3) function=KERNEL32.DLL+0x17614
  2) function=ntdll.dll+0x526a1
  1) function=ntdll.dll+0x526a1
 


Call Stack: ["Streaming File IO InMemory" [44060]]
 9) function=ntdll.dll+0x9d0e4
  8) function=KERNELBASE.dll+0x230ce
  7) function=CrySystem.dll+0x2d71dd
  6) function=CrySystem.dll+0x1ae4b8
  5) function=CrySystem.dll+0x2115ae
  4) function=ucrtbase.dll+0x21bb2
  3) function=KERNEL32.DLL+0x17614
  2) function=ntdll.dll+0x526a1
  1) function=ntdll.dll+0x526a1
 


Call Stack: ["RenderThread" [16276]]
10) function=ntdll.dll+0xa0a74
  9) function=ntdll.dll+0x64131
  8) function=KERNELBASE.dll+0x73499
  7) function=MSVCP140.dll+0x12939
  6) function=MSVCP140.dll+0x12b7a
  5) function=CryRenderD3D11.dll+0x539367
  4) function=CryRenderD3D11.dll+0x50aa7f
  3) function=CrySystem.dll+0x2115ae
  2) function=ucrtbase.dll+0x21bb2
  1) function=KERNEL32.DLL+0x17614
 


Call Stack: ["ShaderCompile" [46400]]
 8) function=ntdll.dll+0x9d6e4
  7) function=KERNELBASE.dll+0x4b44e
  6) function=CryRenderD3D11.dll+0x28c9ed
  5) function=CrySystem.dll+0x2115ae
  4) function=ucrtbase.dll+0x21bb2
  3) function=KERNEL32.DLL+0x17614
  2) function=ntdll.dll+0x526a1
  1) function=ntdll.dll+0x526a1
 


Call Stack: ["GFxMeshCacheReset" [38196]]
 8) function=ntdll.dll+0x9d0e4
  7) function=KERNELBASE.dll+0x230ce
  6) function=CrySystem.dll+0x17601c
  5) function=CrySystem.dll+0x2115ae
  4) function=ucrtbase.dll+0x21bb2
  3) function=KERNEL32.DLL+0x17614
  2) function=ntdll.dll+0x526a1
  1) function=ntdll.dll+0x526a1
 


Call Stack: ["NetAddressSolver" [45284]]
10) function=ntdll.dll+0xa0a74
  9) function=ntdll.dll+0x64131
  8) function=KERNELBASE.dll+0x73499
  7) function=CryNetwork.dll+0x25e339
  6) function=CryNetwork.dll+0x144684
  5) function=CrySystem.dll+0x2115ae
  4) function=ucrtbase.dll+0x21bb2
  3) function=KERNEL32.DLL+0x17614
  2) function=ntdll.dll+0x526a1
  1) function=ntdll.dll+0x526a1
 


Call Stack: ["ServiceNetwork" [48604]]
 8) function=ntdll.dll+0x9d6e4
  7) function=KERNELBASE.dll+0x4b44e
  6) function=CrySystem.dll+0x5ed025
  5) function=CrySystem.dll+0x2115ae
  4) function=ucrtbase.dll+0x21bb2
  3) function=KERNEL32.DLL+0x17614
  2) function=ntdll.dll+0x526a1
  1) function=ntdll.dll+0x526a1
 


Call Stack: ["ZLibCompressor" [45508]]
 8) function=ntdll.dll+0x9d0e4
  7) function=KERNELBASE.dll+0x230ce
  6) function=CryAction.dll+0x7fe563
  5) function=CrySystem.dll+0x2115ae
  4) function=ucrtbase.dll+0x21bb2
  3) function=KERNEL32.DLL+0x17614
  2) function=ntdll.dll+0x526a1
  1) function=ntdll.dll+0x526a1
 


Call Stack: ["InputWorker" [21496]]
 8) function=ntdll.dll+0x9d6e4
  7) function=KERNELBASE.dll+0x4b44e
  6) function=CryInput.dll+0x66d2e
  5) function=CrySystem.dll+0x2115ae
  4) function=ucrtbase.dll+0x21bb2
  3) function=KERNEL32.DLL+0x17614
  2) function=ntdll.dll+0x526a1
  1) function=ntdll.dll+0x526a1
 


Call Stack: ["Physics" [18556]]
 8) function=ntdll.dll+0x9d0e4
  7) function=KERNELBASE.dll+0x230ce
  6) function=CrySystem.dll+0x3c96e2
  5) function=CrySystem.dll+0x2115ae
  4) function=ucrtbase.dll+0x21bb2
  3) function=KERNEL32.DLL+0x17614
  2) function=ntdll.dll+0x526a1
  1) function=ntdll.dll+0x526a1
 


Call Stack: ["PhysicsWorkerThread_0" [42108]]
 8) function=ntdll.dll+0x9d0e4
  7) function=KERNELBASE.dll+0x230ce
  6) function=CryPhysics.dll+0x2225d8
  5) function=CrySystem.dll+0x2115ae
  4) function=ucrtbase.dll+0x21bb2
  3) function=KERNEL32.DLL+0x17614
  2) function=ntdll.dll+0x526a1
  1) function=ntdll.dll+0x526a1
 


Call Stack: ["FileChangeMonitor" [47548]]
 9) function=ntdll.dll+0x9dbb4
  8) function=KERNELBASE.dll+0x51b40
  7) function=KERNELBASE.dll+0x51a3e
  6) function=Sandbox.exe+0xee2dc8
  5) function=CrySystem.dll+0x2115ae
  4) function=ucrtbase.dll+0x21bb2
  3) function=KERNEL32.DLL+0x17614
  2) function=ntdll.dll+0x526a1
  1) function=ntdll.dll+0x526a1
 


Call Stack: ["BackgroundTask_2" [37084]]
 8) function=ntdll.dll+0x9d0e4
  7) function=KERNELBASE.dll+0x230ce
  6) function=Sandbox.exe+0xb6f89d
  5) function=CrySystem.dll+0x2115ae
  4) function=ucrtbase.dll+0x21bb2
  3) function=KERNEL32.DLL+0x17614
  2) function=ntdll.dll+0x526a1
  1) function=ntdll.dll+0x526a1
 


Call Stack: ["BackgroundTask_0" [45092]]
 8) function=ntdll.dll+0x9d0e4
  7) function=KERNELBASE.dll+0x230ce
  6) function=Sandbox.exe+0xb6f89d
  5) function=CrySystem.dll+0x2115ae
  4) function=ucrtbase.dll+0x21bb2
  3) function=KERNEL32.DLL+0x17614
  2) function=ntdll.dll+0x526a1
  1) function=ntdll.dll+0x526a1
 


Call Stack: ["BackgroundTask_3" [45996]]
 8) function=ntdll.dll+0x9d0e4
  7) function=KERNELBASE.dll+0x230ce
  6) function=Sandbox.exe+0xb6f89d
  5) function=CrySystem.dll+0x2115ae
  4) function=ucrtbase.dll+0x21bb2
  3) function=KERNEL32.DLL+0x17614
  2) function=ntdll.dll+0x526a1
  1) function=ntdll.dll+0x526a1
 


Call Stack: ["BackgroundTask_1" [42448]]
 8) function=ntdll.dll+0x9d0e4
  7) function=KERNELBASE.dll+0x230ce
  6) function=Sandbox.exe+0xb6f89d
  5) function=CrySystem.dll+0x2115ae
  4) function=ucrtbase.dll+0x21bb2
  3) function=KERNEL32.DLL+0x17614
  2) function=ntdll.dll+0x526a1
  1) function=ntdll.dll+0x526a1
 


Call Stack: ["BackgroundTask_IO" [45912]]
 8) function=ntdll.dll+0x9d0e4
  7) function=KERNELBASE.dll+0x230ce
  6) function=Sandbox.exe+0xb6f89d
  5) function=CrySystem.dll+0x2115ae
  4) function=ucrtbase.dll+0x21bb2
  3) function=KERNEL32.DLL+0x17614
  2) function=ntdll.dll+0x526a1
  1) function=ntdll.dll+0x526a1
 


Call Stack: ["CaptureCrashScreenShot" [6028]]
10) function=ntdll.dll+0xa0a74
  9) function=ntdll.dll+0x64131
  8) function=KERNELBASE.dll+0x73499
  7) function=MSVCP140.dll+0x12939
  6) function=MSVCP140.dll+0x12b7a
  5) function=CrySystem.dll+0x2ceff3
  4) function=CrySystem.dll+0x2115ae
  3) function=ucrtbase.dll+0x21bb2
  2) function=KERNEL32.DLL+0x17614
  1) function=ntdll.dll+0x526a1
 


Call Stack: ["AudioMainThread" [46996]]
 8) function=ntdll.dll+0x9d0e4
  7) function=KERNELBASE.dll+0x230ce
  6) function=CryAudioSystem.dll+0xcfed1
  5) function=CrySystem.dll+0x2115ae
  4) function=ucrtbase.dll+0x21bb2
  3) function=KERNEL32.DLL+0x17614
  2) function=ntdll.dll+0x526a1
  1) function=ntdll.dll+0x526a1
 
Attempting to create error screenshot "error.jpg"
Error creating screenshot.
