Logged at Friday, June 09, 2023 14:50:26
FileVersion: 5.7.1.3146
ProductVersion: 5.7.1.3146
LogFile: editor.log
GameDir: Assets
Executable: X:\Program Files (x86)\Crytek\CRYENGINE Launcher\Crytek\crytek\cryengine-57-lts\5.7.1\bin\win_x64\Sandbox.exe

Exception Code: 0x80000003
Exception Addr: 0x0033:0x00007FFAC36C98E2
Exception Module: <Unknown>
Exception Description: EXCEPTION_BREAKPOINT, 
Memory in use: 2159.7MB
Debug Status: 
Out of Memory: 0
MainThread Id: 54268
RenderThread Id: 55280
[Crashed] Thread Id: 55280
[Crashed] ThreadName: RenderThread

[Crashed] Call Stack: ["RenderThread" [55280]]
 14) function=CrySystem.dll+0x1b98e2
 13) function=CrySystem.dll+0x1be0e5
 12) function=CryRenderD3D11.dll+0x3c3870
 11) function=CryRenderD3D11.dll+0x36e644
 10) function=CryRenderD3D11.dll+0x51dc90
  9) function=CryRenderD3D11.dll+0x319951
  8) function=CryRenderD3D11.dll+0x3b86ad
  7) function=CryRenderD3D11.dll+0x50c409
  6) function=CryRenderD3D11.dll+0x50aafd
  5) function=CrySystem.dll+0x2115ae
  4) function=ucrtbase.dll+0x21bb2
  3) function=KERNEL32.DLL+0x17614
  2) function=ntdll.dll+0x526a1
  1) function=ntdll.dll+0x526a1


Call Stack: ["JobSystem_Worker_0 (Blocking)" [54948]]
 8) function=ntdll.dll+0x9d0e4
  7) function=KERNELBASE.dll+0x230ce
  6) function=CrySystem.dll+0x58bc8a
  5) function=CrySystem.dll+0x2115ae
  4) function=ucrtbase.dll+0x21bb2
  3) function=KERNEL32.DLL+0x17614
  2) function=ntdll.dll+0x526a1
  1) function=ntdll.dll+0x526a1
 

Call Stack: ["Streaming AsyncCallback" [11376]]
 8) function=ntdll.dll+0x9d0e4
  7) function=KERNELBASE.dll+0x230ce
  6) function=CrySystem.dll+0x1b00dd
  5) function=CrySystem.dll+0x2115ae
  4) function=ucrtbase.dll+0x21bb2
  3) function=KERNEL32.DLL+0x17614
  2) function=ntdll.dll+0x526a1
  1) function=ntdll.dll+0x526a1
 

Call Stack: ["NotificationNetwork" [54132]]
10) function=ntdll.dll+0x9d0e4
  9) function=mswsock.dll+0x80fc
  8) function=mswsock.dll+0xf4de
  7) function=WS2_32.dll+0x116f7
  6) function=CrySystem.dll+0x3aa0dc
  5) function=CrySystem.dll+0x3c9b8a
  4) function=CrySystem.dll+0x2115ae
  3) function=ucrtbase.dll+0x21bb2
  2) function=KERNEL32.DLL+0x17614
  1) function=ntdll.dll+0x526a1
 

Call Stack: ["JobSystem_Worker_0" [38972]]
 9) function=ntdll.dll+0xa0a74
  8) function=ntdll.dll+0x64131
  7) function=KERNELBASE.dll+0x73499
  6) function=CrySystem.dll+0x58c90f
  5) function=CrySystem.dll+0x2115ae
  4) function=ucrtbase.dll+0x21bb2
  3) function=KERNEL32.DLL+0x17614
  2) function=ntdll.dll+0x526a1
  1) function=ntdll.dll+0x526a1
 

Call Stack: ["JobSystem_Worker_1" [27488]]
 9) function=ntdll.dll+0xa0a74
  8) function=ntdll.dll+0x64131
  7) function=KERNELBASE.dll+0x73499
  6) function=CrySystem.dll+0x58c90f
  5) function=CrySystem.dll+0x2115ae
  4) function=ucrtbase.dll+0x21bb2
  3) function=KERNEL32.DLL+0x17614
  2) function=ntdll.dll+0x526a1
  1) function=ntdll.dll+0x526a1
 

Call Stack: ["JobSystem_Helper_2" [38516]]
 9) function=ntdll.dll+0xa0a74
  8) function=ntdll.dll+0x64131
  7) function=KERNELBASE.dll+0x73499
  6) function=CrySystem.dll+0x58c02a
  5) function=CrySystem.dll+0x2115ae
  4) function=ucrtbase.dll+0x21bb2
  3) function=KERNEL32.DLL+0x17614
  2) function=ntdll.dll+0x526a1
  1) function=ntdll.dll+0x526a1
 

Call Stack: ["JobSystem_Helper_3" [36132]]
 9) function=ntdll.dll+0xa0a74
  8) function=ntdll.dll+0x64131
  7) function=KERNELBASE.dll+0x73499
  6) function=CrySystem.dll+0x58c02a
  5) function=CrySystem.dll+0x2115ae
  4) function=ucrtbase.dll+0x21bb2
  3) function=KERNEL32.DLL+0x17614
  2) function=ntdll.dll+0x526a1
  1) function=ntdll.dll+0x526a1
 

Call Stack: ["Streaming File IO HDD" [32708]]
 9) function=ntdll.dll+0x9d0e4
  8) function=KERNELBASE.dll+0x230ce
  7) function=CrySystem.dll+0x2d71dd
  6) function=CrySystem.dll+0x1ae4b8
  5) function=CrySystem.dll+0x2115ae
  4) function=ucrtbase.dll+0x21bb2
  3) function=KERNEL32.DLL+0x17614
  2) function=ntdll.dll+0x526a1
  1) function=ntdll.dll+0x526a1
 

Call Stack: ["Streaming File IO InMemory" [43680]]
 9) function=ntdll.dll+0x9d0e4
  8) function=KERNELBASE.dll+0x230ce
  7) function=CrySystem.dll+0x2d71dd
  6) function=CrySystem.dll+0x1ae4b8
  5) function=CrySystem.dll+0x2115ae
  4) function=ucrtbase.dll+0x21bb2
  3) function=KERNEL32.DLL+0x17614
  2) function=ntdll.dll+0x526a1
  1) function=ntdll.dll+0x526a1
 

Call Stack: ["ShaderCompile" [53728]]
 8) function=ntdll.dll+0x9d6e4
  7) function=KERNELBASE.dll+0x4b44e
  6) function=CryRenderD3D11.dll+0x28c9ed
  5) function=CrySystem.dll+0x2115ae
  4) function=ucrtbase.dll+0x21bb2
  3) function=KERNEL32.DLL+0x17614
  2) function=ntdll.dll+0x526a1
  1) function=ntdll.dll+0x526a1
 

Call Stack: ["GFxMeshCacheReset" [51404]]
 8) function=ntdll.dll+0x9d0e4
  7) function=KERNELBASE.dll+0x230ce
  6) function=CrySystem.dll+0x17601c
  5) function=CrySystem.dll+0x2115ae
  4) function=ucrtbase.dll+0x21bb2
  3) function=KERNEL32.DLL+0x17614
  2) function=ntdll.dll+0x526a1
  1) function=ntdll.dll+0x526a1
 

Call Stack: ["ServiceNetwork" [56832]]
 8) function=ntdll.dll+0x9d6e4
  7) function=KERNELBASE.dll+0x4b44e
  6) function=CrySystem.dll+0x5ed025
  5) function=CrySystem.dll+0x2115ae
  4) function=ucrtbase.dll+0x21bb2
  3) function=KERNEL32.DLL+0x17614
  2) function=ntdll.dll+0x526a1
  1) function=ntdll.dll+0x526a1
 

Call Stack: ["NetAddressSolver" [12788]]
10) function=ntdll.dll+0xa0a74
  9) function=ntdll.dll+0x64131
  8) function=KERNELBASE.dll+0x73499
  7) function=CryNetwork.dll+0x25e339
  6) function=CryNetwork.dll+0x144684
  5) function=CrySystem.dll+0x2115ae
  4) function=ucrtbase.dll+0x21bb2
  3) function=KERNEL32.DLL+0x17614
  2) function=ntdll.dll+0x526a1
  1) function=ntdll.dll+0x526a1
 

Call Stack: ["ZLibCompressor" [55292]]
 8) function=ntdll.dll+0x9d0e4
  7) function=KERNELBASE.dll+0x230ce
  6) function=CryAction.dll+0x7fe563
  5) function=CrySystem.dll+0x2115ae
  4) function=ucrtbase.dll+0x21bb2
  3) function=KERNEL32.DLL+0x17614
  2) function=ntdll.dll+0x526a1
  1) function=ntdll.dll+0x526a1
 

Call Stack: ["Physics" [56204]]
 8) function=ntdll.dll+0x9d0e4
  7) function=KERNELBASE.dll+0x230ce
  6) function=CrySystem.dll+0x3c96e2
  5) function=CrySystem.dll+0x2115ae
  4) function=ucrtbase.dll+0x21bb2
  3) function=KERNEL32.DLL+0x17614
  2) function=ntdll.dll+0x526a1
  1) function=ntdll.dll+0x526a1
 

Call Stack: ["InputWorker" [33056]]
 8) function=ntdll.dll+0x9d6e4
  7) function=KERNELBASE.dll+0x4b44e
  6) function=CryInput.dll+0x66d2e
  5) function=CrySystem.dll+0x2115ae
  4) function=ucrtbase.dll+0x21bb2
  3) function=KERNEL32.DLL+0x17614
  2) function=ntdll.dll+0x526a1
  1) function=ntdll.dll+0x526a1
 

Call Stack: ["VoxelStreamingWorker_1" [37744]]
 8) function=ntdll.dll+0x9d0e4
  7) function=KERNELBASE.dll+0x230ce
  6) function=Cry3DEngine.dll+0x459700
  5) function=CrySystem.dll+0x2115ae
  4) function=ucrtbase.dll+0x21bb2
  3) function=KERNEL32.DLL+0x17614
  2) function=ntdll.dll+0x526a1
  1) function=ntdll.dll+0x526a1
 

Call Stack: ["VoxelStreamingWorker_0" [50536]]
 8) function=ntdll.dll+0x9d0e4
  7) function=KERNELBASE.dll+0x230ce
  6) function=Cry3DEngine.dll+0x459700
  5) function=CrySystem.dll+0x2115ae
  4) function=ucrtbase.dll+0x21bb2
  3) function=KERNEL32.DLL+0x17614
  2) function=ntdll.dll+0x526a1
  1) function=ntdll.dll+0x526a1
 

Call Stack: ["PhysicsWorkerThread_0" [46592]]
 8) function=ntdll.dll+0x9d0e4
  7) function=KERNELBASE.dll+0x230ce
  6) function=CryPhysics.dll+0x2225d8
  5) function=CrySystem.dll+0x2115ae
  4) function=ucrtbase.dll+0x21bb2
  3) function=KERNEL32.DLL+0x17614
  2) function=ntdll.dll+0x526a1
  1) function=ntdll.dll+0x526a1
 

Call Stack: ["BackgroundTask_IO" [31764]]
 8) function=ntdll.dll+0x9d0e4
  7) function=KERNELBASE.dll+0x230ce
  6) function=Sandbox.exe+0xb6f89d
  5) function=CrySystem.dll+0x2115ae
  4) function=ucrtbase.dll+0x21bb2
  3) function=KERNEL32.DLL+0x17614
  2) function=ntdll.dll+0x526a1
  1) function=ntdll.dll+0x526a1
 

Call Stack: ["BackgroundTask_2" [20580]]
 8) function=ntdll.dll+0x9d0e4
  7) function=KERNELBASE.dll+0x230ce
  6) function=Sandbox.exe+0xb6f89d
  5) function=CrySystem.dll+0x2115ae
  4) function=ucrtbase.dll+0x21bb2
  3) function=KERNEL32.DLL+0x17614
  2) function=ntdll.dll+0x526a1
  1) function=ntdll.dll+0x526a1
 

Call Stack: ["BackgroundTask_0" [57112]]
 8) function=ntdll.dll+0x9d0e4
  7) function=KERNELBASE.dll+0x230ce
  6) function=Sandbox.exe+0xb6f89d
  5) function=CrySystem.dll+0x2115ae
  4) function=ucrtbase.dll+0x21bb2
  3) function=KERNEL32.DLL+0x17614
  2) function=ntdll.dll+0x526a1
  1) function=ntdll.dll+0x526a1
 

Call Stack: ["BackgroundTask_1" [54412]]
 8) function=ntdll.dll+0x9d0e4
  7) function=KERNELBASE.dll+0x230ce
  6) function=Sandbox.exe+0xb6f89d
  5) function=CrySystem.dll+0x2115ae
  4) function=ucrtbase.dll+0x21bb2
  3) function=KERNEL32.DLL+0x17614
  2) function=ntdll.dll+0x526a1
  1) function=ntdll.dll+0x526a1
 

Call Stack: ["BackgroundTask_3" [40200]]
 8) function=ntdll.dll+0x9d0e4
  7) function=KERNELBASE.dll+0x230ce
  6) function=Sandbox.exe+0xb6f89d
  5) function=CrySystem.dll+0x2115ae
  4) function=ucrtbase.dll+0x21bb2
  3) function=KERNEL32.DLL+0x17614
  2) function=ntdll.dll+0x526a1
  1) function=ntdll.dll+0x526a1
 

Call Stack: ["FileChangeMonitor" [50164]]
 9) function=ntdll.dll+0x9dbb4
  8) function=KERNELBASE.dll+0x51b40
  7) function=KERNELBASE.dll+0x51a3e
  6) function=Sandbox.exe+0xee2dc8
  5) function=CrySystem.dll+0x2115ae
  4) function=ucrtbase.dll+0x21bb2
  3) function=KERNEL32.DLL+0x17614
  2) function=ntdll.dll+0x526a1
  1) function=ntdll.dll+0x526a1
 

Call Stack: ["CaptureCrashScreenShot" [53080]]
10) function=ntdll.dll+0xa0a74
  9) function=ntdll.dll+0x64131
  8) function=KERNELBASE.dll+0x73499
  7) function=MSVCP140.dll+0x12939
  6) function=MSVCP140.dll+0x12b7a
  5) function=CrySystem.dll+0x2ceff3
  4) function=CrySystem.dll+0x2115ae
  3) function=ucrtbase.dll+0x21bb2
  2) function=KERNEL32.DLL+0x17614
  1) function=ntdll.dll+0x526a1
 

Call Stack: ["AudioMainThread" [51960]]
 8) function=ntdll.dll+0x9d0e4
  7) function=KERNELBASE.dll+0x230ce
  6) function=CryAudioSystem.dll+0xcfed1
  5) function=CrySystem.dll+0x2115ae
  4) function=ucrtbase.dll+0x21bb2
  3) function=KERNEL32.DLL+0x17614
  2) function=ntdll.dll+0x526a1
  1) function=ntdll.dll+0x526a1
 

Call Stack: ["Main" [54268]]
10) function=ntdll.dll+0xa0a74
  9) function=ntdll.dll+0x64131
  8) function=KERNELBASE.dll+0x73499
  7) function=MSVCP140.dll+0x12965
  6) function=MSVCP140.dll+0x12ae3
  5) function=CryRenderD3D11.dll+0x539615
  4) function=CryRenderD3D11.dll+0x531dfc
  3) function=CryRenderD3D11.dll+0x50ff7d
  2) function=CryRenderD3D11.dll+0x386848
  1) function=CrySystem.dll+0x3b29ce
 